<?xml version="1.0" encoding="UTF-8"?>
<!-- Generated by org.testng.reporters.JUnitReportReporter -->
<testsuite hostname="DESKTOP-79OBDSS" failures="0" tests="1" name="com.ijmeet.uitest.homepagetest.HomePageTests" time="64.786" errors="0" timestamp="27 Jul 2022 04:48:04 GMT" skipped="0">
  <testcase classname="com.ijmeet.uitest.homepagetest.HomePageTests" name="validateAllTheLinksOfHomePage" time="64.786"/>
</testsuite> <!-- com.ijmeet.uitest.homepagetest.HomePageTests -->
